<?xml version="1.0" encoding="UTF-8"?>
<testsuite xmlns:xsi="http://www.w3.org/2001/XMLSchema-instance" xsi:noNamespaceSchemaLocation="https://maven.apache.org/surefire/maven-surefire-plugin/xsd/surefire-test-report-3.0.xsd" version="3.0" name="com.rushabh.book_author.BookAuthorApplicationTests" time="0.089" tests="1" errors="0" skipped="0" failures="0">
  <properties>
[...]
</properties>
  <testcase name="contextLoads" classname="com.rushabh.book_author.BookAuthorApplicationTests" time="0.001">
    <system-out><![CDATA[2024-02-16T19:40:56.303-05:00  INFO 56446 --- [           main] t.c.s.AnnotationConfigContextLoaderUtils : Could not detect default configuration classes for test class [com.rushabh.book_author.BookAuthorApplicationTests]: BookAuthorApplicationTests does not declare any static, non-private, non-final, nested classes annotated with @Configuration.
2024-02-16T19:40:56.304-05:00  INFO 56446 --- [           main] .b.t.c.SpringBootTestContextBootstrapper : Found @SpringBootConfiguration com.rushabh.book_author.BookAuthorApplication for test class com.rushabh.book_author.BookAuthorApplicationTests

  .   ____          _            __ _ _
 /\\ / ___'_ __ _ _(_)_ __  __ _ \ \ \ \
( ( )\___ | '_ | '_| | '_ \/ _` | \ \ \ \
 \\/  ___)| |_)| | | | | || (_| |  ) ) ) )
  '  |____| .__|_| |_|_| |_\__, | / / / /
 =========|_|==============|___/=/_/_/_/
 :: Spring Boot ::                (v3.2.2)

2024-02-16T19:40:56.311-05:00  INFO 56446 --- [           main] c.r.b.BookAuthorApplicationTests         : Starting BookAuthorApplicationTests using Java 17.0.6 with PID 56446 (started by rushabhmehta in /Users/rushabhmehta/IdeaProjects/spring-boot/book_author)
2024-02-16T19:40:56.311-05:00  INFO 56446 --- [           main] c.r.b.BookAuthorApplicationTests         : No active profile set, falling back to 1 default profile: "default"
2024-02-16T19:40:56.334-05:00  INFO 56446 --- [           main] .s.d.r.c.RepositoryConfigurationDelegate : Bootstrapping Spring Data JPA repositories in DEFAULT mode.
2024-02-16T19:40:56.336-05:00  INFO 56446 --- [           main] .s.d.r.c.RepositoryConfigurationDelegate : Finished Spring Data repository scanning in 1 ms. Found 2 JPA repository interfaces.
2024-02-16T19:40:56.350-05:00  INFO 56446 --- [           main] com.zaxxer.hikari.HikariDataSource       : HikariPool-9 - Starting...
2024-02-16T19:40:56.350-05:00  INFO 56446 --- [           main] com.zaxxer.hikari.pool.HikariPool        : HikariPool-9 - Added connection conn18: url=jdbc:h2:mem:testdb user=SA
2024-02-16T19:40:56.351-05:00  INFO 56446 --- [           main] com.zaxxer.hikari.HikariDataSource       : HikariPool-9 - Start completed.
2024-02-16T19:40:56.351-05:00  INFO 56446 --- [           main] o.hibernate.jpa.internal.util.LogHelper  : HHH000204: Processing PersistenceUnitInfo [name: default]
2024-02-16T19:40:56.352-05:00  INFO 56446 --- [           main] o.h.c.internal.RegionFactoryInitiator    : HHH000026: Second-level cache disabled
2024-02-16T19:40:56.352-05:00  INFO 56446 --- [           main] o.s.o.j.p.SpringPersistenceUnitInfo      : No LoadTimeWeaver setup: ignoring JPA class transformer
2024-02-16T19:40:56.372-05:00  INFO 56446 --- [           main] o.h.e.t.j.p.i.JtaPlatformInitiator       : HHH000489: No JTA platform available (set 'hibernate.transaction.jta.platform' to enable JTA platform integration)
2024-02-16T19:40:56.374-05:00  INFO 56446 --- [           main] j.LocalContainerEntityManagerFactoryBean : Initialized JPA EntityManagerFactory for persistence unit 'default'
2024-02-16T19:40:56.388-05:00  INFO 56446 --- [           main] c.r.b.BookAuthorApplicationTests         : Started BookAuthorApplicationTests in 0.083 seconds (process running for 2.891)
]]></system-out>
  </testcase>
</testsuite>